2012-08-13 16:14 ea04556 Don't deploy if anything not committed.
2012-09-13 14:37 78a29ba Commit old deploy.log.
2012-09-13 16:46 5451de7 Don't lazy-load popuplib.js, it doesn't exist
2012-09-19 07:49 6626dac Outline new comments with gray border.
2012-10-03 12:43 a001240 Upgrade submodules debiki-core, -dao-pgsql, -tck-dao.
2012-10-13 08:42 9b0334e Upgrade submodules debiki-core, -dao-pgsql, -tck-dao.
2012-11-18 14:35 f74f8ff Cache JS forever: Cache for one day
2012-11-19 11:15 02e3e7a Make dist build work: place some SecureSocial files in app/ dir
2012-11-19 13:28 a4d7b49 Speed up page loading: Don't load jQuery over HTTPS
2012-11-19 14:40 668f290 Speed up page loading: Load CSS first, then JS
2012-11-20 01:16 fa748bb Cache config values: implement CachingConfigValueDao.
2012-11-21 08:45 e5f9890 Fix broken /-/site/ assets links
2012-11-21 12:38 a9e0d3e Let /-/edit correct any bad page path
2012-11-22 16:43 537fc8a Bump assets version number.
2012-11-23 15:11 72ebfd2 Fix reply form slide in animiation bugs
# Hereafter use Play Framework ec057aad7f, from 2012-12-11, not RC-1, from 2012-11-16.
2012-12-17 09:19 a4964f1 Use correct Play version in deployment script.
2012-12-20 13:38 34e972d Make DebikiYaml handle SnakeYaml's ComposerException.
2012-12-30 13:07 125ee08 Show helpful message if browser sends user id for another backend.
2012-12-30 14:18 4f97e66 Fix SidStatus.roleId/userId bug.
2013-02-11 17:01 73a41f2 Don't always highlight "Pricing" www.debiki.com homepage link.
2013-02-13 12:46 597db74 Update module debiki-tck-dao (compilation error).
2013-02-18 11:31 3299680 Fix template config value type bug
2013-02-19 09:22 53a5475 Admin SPA: Somewhat simplify callback invocation.
2013-02-23 09:43 c9f0a67 Tweak read/unread 'o' comment mark color.
2013-03-01 16:39 6a99224 Tweak CSS: make threads more compact, fix .dw-z position.
2013-03-02 01:18 56d4c80 Tweak title CSS.
